I, [2017-06-15T21:00:52.867260 #13928]  INFO -- Kitchen: -----> Starting Kitchen (v1.16.0)
I, [2017-06-15T21:00:54.880466 #13928]  INFO -- Kitchen: -----> Creating <default-ubuntu-1404>...
I, [2017-06-15T21:01:36.163349 #13928]  INFO -- Kitchen: -----> Converging <default-ubuntu-1404>...
I, [2017-06-15T21:01:51.227598 #13928]  INFO -- Kitchen: -----> Setting up <default-ubuntu-1404>...
I, [2017-06-15T21:01:51.231603 #13928]  INFO -- Kitchen: -----> Verifying <default-ubuntu-1404>...
E, [2017-06-15T21:01:51.777111 #13928] ERROR -- Kitchen: ------Exception-------
E, [2017-06-15T21:01:51.777111 #13928] ERROR -- Kitchen: Class: Kitchen::ActionFailed
E, [2017-06-15T21:01:51.777111 #13928] ERROR -- Kitchen: Message: 1 actions failed.
>>>>>>     Verify failed on instance <default-ubuntu-1404>.  Please see .kitchen/logs/default-ubuntu-1404.log for more details
E, [2017-06-15T21:01:51.777111 #13928] ERROR -- Kitchen: ----------------------
E, [2017-06-15T21:01:51.777111 #13928] ERROR -- Kitchen: ------Backtrace-------
E, [2017-06-15T21:01:51.777111 #13928] ERROR -- Kitchen: C:/opscode/chefdk/embedded/lib/ruby/gems/2.3.0/gems/test-kitchen-1.16.0/lib/kitchen/command.rb:183:in `report_errors'
E, [2017-06-15T21:01:51.777111 #13928] ERROR -- Kitchen: C:/opscode/chefdk/embedded/lib/ruby/gems/2.3.0/gems/test-kitchen-1.16.0/lib/kitchen/command.rb:174:in `run_action'
E, [2017-06-15T21:01:51.777611 #13928] ERROR -- Kitchen: C:/opscode/chefdk/embedded/lib/ruby/gems/2.3.0/gems/test-kitchen-1.16.0/lib/kitchen/command/action.rb:36:in `block in call'
E, [2017-06-15T21:01:51.777611 #13928] ERROR -- Kitchen: C:/opscode/chefdk/embedded/lib/ruby/2.3.0/benchmark.rb:293:in `measure'
E, [2017-06-15T21:01:51.777611 #13928] ERROR -- Kitchen: C:/opscode/chefdk/embedded/lib/ruby/gems/2.3.0/gems/test-kitchen-1.16.0/lib/kitchen/command/action.rb:34:in `call'
E, [2017-06-15T21:01:51.777611 #13928] ERROR -- Kitchen: C:/opscode/chefdk/embedded/lib/ruby/gems/2.3.0/gems/test-kitchen-1.16.0/lib/kitchen/cli.rb:53:in `perform'
E, [2017-06-15T21:01:51.777611 #13928] ERROR -- Kitchen: C:/opscode/chefdk/embedded/lib/ruby/gems/2.3.0/gems/test-kitchen-1.16.0/lib/kitchen/cli.rb:187:in `block (2 levels) in <class:CLI>'
E, [2017-06-15T21:01:51.777611 #13928] ERROR -- Kitchen: C:/opscode/chefdk/embedded/lib/ruby/gems/2.3.0/gems/thor-0.19.1/lib/thor/command.rb:27:in `run'
E, [2017-06-15T21:01:51.777611 #13928] ERROR -- Kitchen: C:/opscode/chefdk/embedded/lib/ruby/gems/2.3.0/gems/thor-0.19.1/lib/thor/invocation.rb:126:in `invoke_command'
E, [2017-06-15T21:01:51.777611 #13928] ERROR -- Kitchen: C:/opscode/chefdk/embedded/lib/ruby/gems/2.3.0/gems/test-kitchen-1.16.0/lib/kitchen/cli.rb:334:in `invoke_task'
E, [2017-06-15T21:01:51.777611 #13928] ERROR -- Kitchen: C:/opscode/chefdk/embedded/lib/ruby/gems/2.3.0/gems/thor-0.19.1/lib/thor.rb:359:in `dispatch'
E, [2017-06-15T21:01:51.777611 #13928] ERROR -- Kitchen: C:/opscode/chefdk/embedded/lib/ruby/gems/2.3.0/gems/thor-0.19.1/lib/thor/base.rb:440:in `start'
E, [2017-06-15T21:01:51.777611 #13928] ERROR -- Kitchen: C:/opscode/chefdk/embedded/lib/ruby/gems/2.3.0/gems/test-kitchen-1.16.0/bin/kitchen:13:in `block in <top (required)>'
E, [2017-06-15T21:01:51.777611 #13928] ERROR -- Kitchen: C:/opscode/chefdk/embedded/lib/ruby/gems/2.3.0/gems/test-kitchen-1.16.0/lib/kitchen/errors.rb:171:in `with_friendly_errors'
E, [2017-06-15T21:01:51.777611 #13928] ERROR -- Kitchen: C:/opscode/chefdk/embedded/lib/ruby/gems/2.3.0/gems/test-kitchen-1.16.0/bin/kitchen:13:in `<top (required)>'
E, [2017-06-15T21:01:51.777611 #13928] ERROR -- Kitchen: C:/opscode/chefdk/bin/kitchen:24:in `load'
E, [2017-06-15T21:01:51.777611 #13928] ERROR -- Kitchen: C:/opscode/chefdk/bin/kitchen:24:in `<main>'
E, [2017-06-15T21:01:51.777611 #13928] ERROR -- Kitchen: ----End Backtrace-----
E, [2017-06-15T21:01:51.778112 #13928] ERROR -- Kitchen: -Composite Exception--
E, [2017-06-15T21:01:51.778112 #13928] ERROR -- Kitchen: Class: Kitchen::InstanceFailure
E, [2017-06-15T21:01:51.778112 #13928] ERROR -- Kitchen: Message: Verify failed on instance <default-ubuntu-1404>.  Please see .kitchen/logs/default-ubuntu-1404.log for more details
E, [2017-06-15T21:01:51.778112 #13928] ERROR -- Kitchen: ----------------------
E, [2017-06-15T21:01:51.778112 #13928] ERROR -- Kitchen: ------Backtrace-------
E, [2017-06-15T21:01:51.778112 #13928] ERROR -- Kitchen: C:/opscode/chefdk/embedded/lib/ruby/gems/2.3.0/gems/kitchen-inspec-0.17.0/lib/kitchen/verifier/inspec.rb:96:in `call'
E, [2017-06-15T21:01:51.778112 #13928] ERROR -- Kitchen: C:/opscode/chefdk/embedded/lib/ruby/gems/2.3.0/gems/test-kitchen-1.16.0/lib/kitchen/instance.rb:434:in `block in verify_action'
E, [2017-06-15T21:01:51.778112 #13928] ERROR -- Kitchen: C:/opscode/chefdk/embedded/lib/ruby/gems/2.3.0/gems/test-kitchen-1.16.0/lib/kitchen/instance.rb:527:in `synchronize_or_call'
E, [2017-06-15T21:01:51.778112 #13928] ERROR -- Kitchen: C:/opscode/chefdk/embedded/lib/ruby/gems/2.3.0/gems/test-kitchen-1.16.0/lib/kitchen/instance.rb:489:in `block in action'
E, [2017-06-15T21:01:51.778112 #13928] ERROR -- Kitchen: C:/opscode/chefdk/embedded/lib/ruby/2.3.0/benchmark.rb:293:in `measure'
E, [2017-06-15T21:01:51.778112 #13928] ERROR -- Kitchen: C:/opscode/chefdk/embedded/lib/ruby/gems/2.3.0/gems/test-kitchen-1.16.0/lib/kitchen/instance.rb:488:in `action'
E, [2017-06-15T21:01:51.778112 #13928] ERROR -- Kitchen: C:/opscode/chefdk/embedded/lib/ruby/gems/2.3.0/gems/test-kitchen-1.16.0/lib/kitchen/instance.rb:426:in `verify_action'
E, [2017-06-15T21:01:51.778112 #13928] ERROR -- Kitchen: C:/opscode/chefdk/embedded/lib/ruby/gems/2.3.0/gems/test-kitchen-1.16.0/lib/kitchen/instance.rb:359:in `block in transition_to'
E, [2017-06-15T21:01:51.778112 #13928] ERROR -- Kitchen: C:/opscode/chefdk/embedded/lib/ruby/gems/2.3.0/gems/test-kitchen-1.16.0/lib/kitchen/instance.rb:358:in `each'
E, [2017-06-15T21:01:51.778112 #13928] ERROR -- Kitchen: C:/opscode/chefdk/embedded/lib/ruby/gems/2.3.0/gems/test-kitchen-1.16.0/lib/kitchen/instance.rb:358:in `transition_to'
E, [2017-06-15T21:01:51.778612 #13928] ERROR -- Kitchen: C:/opscode/chefdk/embedded/lib/ruby/gems/2.3.0/gems/test-kitchen-1.16.0/lib/kitchen/instance.rb:157:in `verify'
E, [2017-06-15T21:01:51.778612 #13928] ERROR -- Kitchen: C:/opscode/chefdk/embedded/lib/ruby/gems/2.3.0/gems/test-kitchen-1.16.0/lib/kitchen/command.rb:197:in `public_send'
E, [2017-06-15T21:01:51.778612 #13928] ERROR -- Kitchen: C:/opscode/chefdk/embedded/lib/ruby/gems/2.3.0/gems/test-kitchen-1.16.0/lib/kitchen/command.rb:197:in `run_action_in_thread'
E, [2017-06-15T21:01:51.778612 #13928] ERROR -- Kitchen: C:/opscode/chefdk/embedded/lib/ruby/gems/2.3.0/gems/test-kitchen-1.16.0/lib/kitchen/command.rb:169:in `block (2 levels) in run_action'
E, [2017-06-15T21:01:51.778612 #13928] ERROR -- Kitchen: ----End Backtrace-----
E, [2017-06-15T21:01:51.778612 #13928] ERROR -- Kitchen: ---Nested Exception---
E, [2017-06-15T21:01:51.778612 #13928] ERROR -- Kitchen: Class: Kitchen::ActionFailed
E, [2017-06-15T21:01:51.778612 #13928] ERROR -- Kitchen: Message: Inspec Runner returns 1
E, [2017-06-15T21:01:51.778612 #13928] ERROR -- Kitchen: ----------------------
E, [2017-06-15T21:01:51.778612 #13928] ERROR -- Kitchen: ------Backtrace-------
E, [2017-06-15T21:01:51.778612 #13928] ERROR -- Kitchen: C:/opscode/chefdk/embedded/lib/ruby/gems/2.3.0/gems/kitchen-inspec-0.17.0/lib/kitchen/verifier/inspec.rb:96:in `call'
E, [2017-06-15T21:01:51.778612 #13928] ERROR -- Kitchen: C:/opscode/chefdk/embedded/lib/ruby/gems/2.3.0/gems/test-kitchen-1.16.0/lib/kitchen/instance.rb:434:in `block in verify_action'
E, [2017-06-15T21:01:51.778612 #13928] ERROR -- Kitchen: C:/opscode/chefdk/embedded/lib/ruby/gems/2.3.0/gems/test-kitchen-1.16.0/lib/kitchen/instance.rb:527:in `synchronize_or_call'
E, [2017-06-15T21:01:51.778612 #13928] ERROR -- Kitchen: C:/opscode/chefdk/embedded/lib/ruby/gems/2.3.0/gems/test-kitchen-1.16.0/lib/kitchen/instance.rb:489:in `block in action'
E, [2017-06-15T21:01:51.778612 #13928] ERROR -- Kitchen: C:/opscode/chefdk/embedded/lib/ruby/2.3.0/benchmark.rb:293:in `measure'
E, [2017-06-15T21:01:51.778612 #13928] ERROR -- Kitchen: C:/opscode/chefdk/embedded/lib/ruby/gems/2.3.0/gems/test-kitchen-1.16.0/lib/kitchen/instance.rb:488:in `action'
E, [2017-06-15T21:01:51.779113 #13928] ERROR -- Kitchen: C:/opscode/chefdk/embedded/lib/ruby/gems/2.3.0/gems/test-kitchen-1.16.0/lib/kitchen/instance.rb:426:in `verify_action'
E, [2017-06-15T21:01:51.779113 #13928] ERROR -- Kitchen: C:/opscode/chefdk/embedded/lib/ruby/gems/2.3.0/gems/test-kitchen-1.16.0/lib/kitchen/instance.rb:359:in `block in transition_to'
E, [2017-06-15T21:01:51.779113 #13928] ERROR -- Kitchen: C:/opscode/chefdk/embedded/lib/ruby/gems/2.3.0/gems/test-kitchen-1.16.0/lib/kitchen/instance.rb:358:in `each'
E, [2017-06-15T21:01:51.779113 #13928] ERROR -- Kitchen: C:/opscode/chefdk/embedded/lib/ruby/gems/2.3.0/gems/test-kitchen-1.16.0/lib/kitchen/instance.rb:358:in `transition_to'
E, [2017-06-15T21:01:51.779113 #13928] ERROR -- Kitchen: C:/opscode/chefdk/embedded/lib/ruby/gems/2.3.0/gems/test-kitchen-1.16.0/lib/kitchen/instance.rb:157:in `verify'
E, [2017-06-15T21:01:51.779113 #13928] ERROR -- Kitchen: C:/opscode/chefdk/embedded/lib/ruby/gems/2.3.0/gems/test-kitchen-1.16.0/lib/kitchen/command.rb:197:in `public_send'
E, [2017-06-15T21:01:51.779113 #13928] ERROR -- Kitchen: C:/opscode/chefdk/embedded/lib/ruby/gems/2.3.0/gems/test-kitchen-1.16.0/lib/kitchen/command.rb:197:in `run_action_in_thread'
E, [2017-06-15T21:01:51.779113 #13928] ERROR -- Kitchen: C:/opscode/chefdk/embedded/lib/ruby/gems/2.3.0/gems/test-kitchen-1.16.0/lib/kitchen/command.rb:169:in `block (2 levels) in run_action'
E, [2017-06-15T21:01:51.779113 #13928] ERROR -- Kitchen: ----End Backtrace-----
